e:\mes\mes\mes\debug\vc142.pdb
e:\mes\mes\mes\debug\vc142.idb
e:\mes\mes\mes\debug\universalelem.obj
e:\mes\mes\mes\debug\node.obj
e:\mes\mes\mes\debug\matrix.obj
e:\mes\mes\mes\debug\matricies.obj
e:\mes\mes\mes\debug\main.obj
e:\mes\mes\mes\debug\grid.obj
e:\mes\mes\debug\mes.exe
e:\mes\mes\debug\mes.ilk
e:\mes\mes\debug\mes.pdb
e:\mes\mes\mes\debug\nativecodeanalysis.read.1.tlog
e:\mes\mes\mes\debug\grid.nativecodeanalysis.xml
e:\mes\mes\mes\debug\main.nativecodeanalysis.xml
e:\mes\mes\mes\debug\matricies.nativecodeanalysis.xml
e:\mes\mes\mes\debug\matrix.nativecodeanalysis.xml
e:\mes\mes\mes\debug\node.nativecodeanalysis.xml
e:\mes\mes\mes\debug\universalelem.nativecodeanalysis.xml
e:\mes\mes\mes\debug\vc.nativecodeanalysis.all.xml
e:\mes\mes\debug\mes.exe.lastcodeanalysissucceeded
e:\mes\mes\mes\debug\mes.tlog\cl.command.1.tlog
e:\mes\mes\mes\debug\mes.tlog\cl.read.1.tlog
e:\mes\mes\mes\debug\mes.tlog\cl.write.1.tlog
e:\mes\mes\mes\debug\mes.tlog\link.command.1.tlog
e:\mes\mes\mes\debug\mes.tlog\link.read.1.tlog
e:\mes\mes\mes\debug\mes.tlog\link.write.1.tlog
